#
# There is insufficient memory for the Java Runtime Environment to continue.
# Native memory allocation (malloc) failed to allocate 820336 bytes for Chunk::new
# Possible reasons:
#   The system is out of physical RAM or swap space
#   In 32 bit mode, the process size limit was hit
# Possible solutions:
#   Reduce memory load on the system
#   Increase physical memory or swap space
#   Check if swap backing store is full
#   Use 64 bit Java on a 64 bit OS
#   Decrease Java heap size (-Xmx/-Xms)
#   Decrease number of Java threads
#   Decrease Java thread stack sizes (-Xss)
#   Set larger code cache with -XX:ReservedCodeCacheSize=
# This output file may be truncated or incomplete.
#
#  Out of Memory Error (allocation.cpp:328), pid=4756, tid=5100
#
# JRE version: 7.0_17-b02
# Java VM: Java HotSpot(TM) 64-Bit Server VM (23.7-b01 mixed mode windows-amd64 compressed oops)
# Failed to write core dump. Minidumps are not enabled by default on client versions of Windows
#

---------------  T H R E A D  ---------------

Current thread (0x0000000007b61800):  JavaThread "C2 CompilerThread1" daemon [_thread_in_native, id=5100, stack(0x0000000008c60000,0x0000000008d60000)]

Stack: [0x0000000008c60000,0x0000000008d60000]

Current CompileTask:
C2:  88914  549  s          com.google.gwt.dev.resource.impl.ResourceOracleImpl::refresh (603 bytes)


---------------  P R O C E S S  ---------------

Java Threads: ( => current thread )
  0x0000000009e60800 JavaThread "Timer-0" daemon [_thread_blocked, id=4108, stack(0x0000000008a50000,0x0000000008b50000)]
  0x000000000a016800 JavaThread "btpool0-1 - Acceptor0 SelectChannelConnector@127.0.0.1:8888" [_thread_in_native, id=4436, stack(0x000000000c320000,0x000000000c420000)]
  0x000000000b2f6800 JavaThread "btpool0-0" [_thread_blocked, id=3624, stack(0x000000000c0b0000,0x000000000c1b0000)]
  0x000000000b3ad800 JavaThread "GC Daemon" daemon [_thread_blocked, id=2152, stack(0x000000000a920000,0x000000000aa20000)]
  0x0000000009e65800 JavaThread "SuperDevMode code server listener" daemon [_thread_in_native, id=1452, stack(0x000000000a200000,0x000000000a300000)]
  0x00000000097ba000 JavaThread "pool-1-thread-1" [_thread_in_native, id=2456, stack(0x000000000a790000,0x000000000a890000)]
  0x0000000009baa000 JavaThread "Thread-2" daemon [_thread_blocked, id=2196, stack(0x000000000aa20000,0x000000000ab20000)]
  0x0000000009bca000 JavaThread "Thread-1" [_thread_in_native, id=2200, stack(0x000000000a400000,0x000000000a500000)]
  0x0000000007b62000 JavaThread "Service Thread" daemon [_thread_blocked, id=3772, stack(0x00000000093a0000,0x00000000094a0000)]
=>0x0000000007b61800 JavaThread "C2 CompilerThread1" daemon [_thread_in_native, id=5100, stack(0x0000000008c60000,0x0000000008d60000)]
  0x0000000007b5f800 JavaThread "C2 CompilerThread0" daemon [_thread_blocked, id=5056, stack(0x00000000091b0000,0x00000000092b0000)]
  0x0000000007b5b000 JavaThread "Attach Listener" daemon [_thread_blocked, id=1664, stack(0x0000000009060000,0x0000000009160000)]
  0x0000000007b54000 JavaThread "Signal Dispatcher" daemon [_thread_blocked, id=4828, stack(0x0000000008f10000,0x0000000009010000)]
  0x0000000002497800 JavaThread "Finalizer" daemon [_thread_blocked, id=2516, stack(0x0000000008dc0000,0x0000000008ec0000)]
  0x0000000002490800 JavaThread "Reference Handler" daemon [_thread_blocked, id=2512, stack(0x0000000008b50000,0x0000000008c50000)]
  0x00000000004af000 JavaThread "main" [_thread_in_native, id=1240, stack(0x00000000026b0000,0x00000000027b0000)]

Other Threads:
  0x0000000007ab3000 VMThread [stack: 0x0000000008950000,0x0000000008a50000] [id=2508]
  0x0000000007b7b000 WatcherThread [stack: 0x00000000094b0000,0x00000000095b0000] [id=2464]

VM state:not at safepoint (normal execution)

VM Mutex/Monitor currently owned by a thread: None

Heap
 PSYoungGen      total 139200K, used 117726K [0x00000000f5560000, 0x0000000100000000, 0x0000000100000000)
  eden space 108416K, 84% used [0x00000000f5560000,0x00000000faf46480,0x00000000fbf40000)
  from space 30784K, 83% used [0x00000000fe1f0000,0x00000000ffb01548,0x0000000100000000)
  to   space 33152K, 0% used [0x00000000fbf40000,0x00000000fbf40000,0x00000000fdfa0000)
 ParOldGen       total 63360K, used 48169K [0x00000000e0000000, 0x00000000e3de0000, 0x00000000f5560000)
  object space 63360K, 76% used [0x00000000e0000000,0x00000000e2f0a4e0,0x00000000e3de0000)
 PSPermGen       total 23488K, used 19847K [0x00000000dae00000, 0x00000000dc4f0000, 0x00000000e0000000)
  object space 23488K, 84% used [0x00000000dae00000,0x00000000dc161c08,0x00000000dc4f0000)

Card table byte_map: [0x00000000057b0000,0x00000000058e0000] byte_map_base: 0x00000000050d9000

Polling page: 0x0000000000420000

Code Cache  [0x00000000027b0000, 0x0000000002a20000, 0x00000000057b0000)
 total_blobs=858 nmethods=516 adapters=292 free_code_cache=47440Kb largest_free_block=48483968

Compilation events (10 events):
Event: 88.757 Thread 0x0000000007b5f800  545             com.google.gwt.dev.javac.CompilationUnit$1::compare (12 bytes)
Event: 88.758 Thread 0x0000000007b5f800 nmethod 545 0x0000000002862910 code [0x0000000002862a60, 0x0000000002862bb8]
Event: 88.758 Thread 0x0000000007b5f800  546             sun.nio.cs.UTF_8$Encoder::encodeArrayLoop (489 bytes)
Event: 88.768 Thread 0x0000000007b61800 nmethod 538 0x000000000296be50 code [0x000000000296c340, 0x000000000296e900]
Event: 88.769 Thread 0x0000000007b61800  547             java.util.TimSort::binarySort (223 bytes)
Event: 88.773 Thread 0x0000000007b5f800 nmethod 546 0x00000000028ce750 code [0x00000000028ce940, 0x00000000028cf390]
Event: 88.773 Thread 0x0000000007b5f800  548             java.util.TimSort::mergeLo (655 bytes)
Event: 88.775 Thread 0x0000000007b61800 nmethod 547 0x00000000028c2110 code [0x00000000028c2280, 0x00000000028c2938]
Event: 88.775 Thread 0x0000000007b61800  549  s          com.google.gwt.dev.resource.impl.ResourceOracleImpl::refresh (603 bytes)
Event: 88.803 Thread 0x0000000007b5f800 nmethod 548 0x0000000002899b50 code [0x0000000002899d00, 0x000000000289b5c8]

GC Heap History (10 events):
Event: 47.179 GC heap before
{Heap before GC invocations=8 (full 1):
 PSYoungGen      total 70080K, used 66054K [0x00000000f5560000, 0x00000000faa90000, 0x0000000100000000)
  eden space 57280K, 100% used [0x00000000f5560000,0x00000000f8d50000,0x00000000f8d50000)
  from space 12800K, 68% used [0x00000000f9e10000,0x00000000fa6a19a8,0x00000000faa90000)
  to   space 14976K, 0% used [0x00000000f8d50000,0x00000000f8d50000,0x00000000f9bf0000)
 ParOldGen       total 63360K, used 37727K [0x00000000e0000000, 0x00000000e3de0000, 0x00000000f5560000)
  object space 63360K, 59% used [0x00000000e0000000,0x00000000e24d7db0,0x00000000e3de0000)
 PSPermGen       total 21248K, used 13095K [0x00000000dae00000, 0x00000000dc2c0000, 0x00000000e0000000)
  object space 21248K, 61% used [0x00000000dae00000,0x00000000dbac9fa8,0x00000000dc2c0000)
Event: 47.207 GC heap after
Heap after GC invocations=8 (full 1):
 PSYoungGen      total 72256K, used 14944K [0x00000000f5560000, 0x00000000fd690000, 0x0000000100000000)
  eden space 57280K, 0% used [0x00000000f5560000,0x00000000f5560000,0x00000000f8d50000)
  from space 14976K, 99% used [0x00000000f8d50000,0x00000000f9be8050,0x00000000f9bf0000)
  to   space 17856K, 0% used [0x00000000fc520000,0x00000000fc520000,0x00000000fd690000)
 ParOldGen       total 63360K, used 39941K [0x00000000e0000000, 0x00000000e3de0000, 0x00000000f5560000)
  object space 63360K, 63% used [0x00000000e0000000,0x00000000e2701598,0x00000000e3de0000)
 PSPermGen       total 21248K, used 13095K [0x00000000dae00000, 0x00000000dc2c0000, 0x00000000e0000000)
  object space 21248K, 61% used [0x00000000dae00000,0x00000000dbac9fa8,0x00000000dc2c0000)
}
Event: 53.709 GC heap before
{Heap before GC invocations=9 (full 1):
 PSYoungGen      total 72256K, used 72224K [0x00000000f5560000, 0x00000000fd690000, 0x0000000100000000)
  eden space 57280K, 100% used [0x00000000f5560000,0x00000000f8d50000,0x00000000f8d50000)
  from space 14976K, 99% used [0x00000000f8d50000,0x00000000f9be8050,0x00000000f9bf0000)
  to   space 17856K, 0% used [0x00000000fc520000,0x00000000fc520000,0x00000000fd690000)
 ParOldGen       total 63360K, used 39941K [0x00000000e0000000, 0x00000000e3de0000, 0x00000000f5560000)
  object space 63360K, 63% used [0x00000000e0000000,0x00000000e2701598,0x00000000e3de0000)
 PSPermGen       total 21248K, used 13658K [0x00000000dae00000, 0x00000000dc2c0000, 0x00000000e0000000)
  object space 21248K, 64% used [0x00000000dae00000,0x00000000dbb56b90,0x00000000dc2c0000)
Event: 53.747 GC heap after
Heap after GC invocations=9 (full 1):
 PSYoungGen      total 109632K, used 17836K [0x00000000f5560000, 0x00000000fdca0000, 0x0000000100000000)
  eden space 91776K, 0% used [0x00000000f5560000,0x00000000f5560000,0x00000000faf00000)
  from space 17856K, 99% used [0x00000000fc520000,0x00000000fd68b080,0x00000000fd690000)
  to   space 22656K, 0% used [0x00000000faf00000,0x00000000faf00000,0x00000000fc520000)
 ParOldGen       total 63360K, used 45891K [0x00000000e0000000, 0x00000000e3de0000, 0x00000000f5560000)
  object space 63360K, 72% used [0x00000000e0000000,0x00000000e2cd0fc0,0x00000000e3de0000)
 PSPermGen       total 21248K, used 13658K [0x00000000dae00000, 0x00000000dc2c0000, 0x00000000e0000000)
  object space 21248K, 64% used [0x00000000dae00000,0x00000000dbb56b90,0x00000000dc2c0000)
}
Event: 64.155 GC heap before
{Heap before GC invocations=10 (full 1):
 PSYoungGen      total 109632K, used 109238K [0x00000000f5560000, 0x00000000fdca0000, 0x0000000100000000)
  eden space 91776K, 99% used [0x00000000f5560000,0x00000000faea2928,0x00000000faf00000)
  from space 17856K, 99% used [0x00000000fc520000,0x00000000fd68b080,0x00000000fd690000)
  to   space 22656K, 0% used [0x00000000faf00000,0x00000000faf00000,0x00000000fc520000)
 ParOldGen       total 63360K, used 45891K [0x00000000e0000000, 0x00000000e3de0000, 0x00000000f5560000)
  object space 63360K, 72% used [0x00000000e0000000,0x00000000e2cd0fc0,0x00000000e3de0000)
 PSPermGen       total 21248K, used 15264K [0x00000000dae00000, 0x00000000dc2c0000, 0x00000000e0000000)
  object space 21248K, 71% used [0x00000000dae00000,0x00000000dbce80e0,0x00000000dc2c0000)
Event: 64.218 GC heap after
Heap after GC invocations=10 (full 1):
 PSYoungGen      total 114432K, used 22640K [0x00000000f5560000, 0x0000000100000000, 0x0000000100000000)
  eden space 91776K, 0% used [0x00000000f5560000,0x00000000f5560000,0x00000000faf00000)
  from space 22656K, 99% used [0x00000000faf00000,0x00000000fc51c080,0x00000000fc520000)
  to   space 30784K, 0% used [0x00000000fe1f0000,0x00000000fe1f0000,0x0000000100000000)
 ParOldGen       total 63360K, used 58659K [0x00000000e0000000, 0x00000000e3de0000, 0x00000000f5560000)
  object space 63360K, 92% used [0x00000000e0000000,0x00000000e3948f08,0x00000000e3de0000)
 PSPermGen       total 21248K, used 15264K [0x00000000dae00000, 0x00000000dc2c0000, 0x00000000e0000000)
  object space 21248K, 71% used [0x00000000dae00000,0x00000000dbce80e0,0x00000000dc2c0000)
}
Event: 64.218 GC heap before
{Heap before GC invocations=11 (full 2):
 PSYoungGen      total 114432K, used 22640K [0x00000000f5560000, 0x0000000100000000, 0x0000000100000000)
  eden space 91776K, 0% used [0x00000000f5560000,0x00000000f5560000,0x00000000faf00000)
  from space 22656K, 99% used [0x00000000faf00000,0x00000000fc51c080,0x00000000fc520000)
  to   space 30784K, 0% used [0x00000000fe1f0000,0x00000000fe1f0000,0x0000000100000000)
 ParOldGen       total 63360K, used 58659K [0x00000000e0000000, 0x00000000e3de0000, 0x00000000f5560000)
  object space 63360K, 92% used [0x00000000e0000000,0x00000000e3948f08,0x00000000e3de0000)
 PSPermGen       total 21248K, used 15264K [0x00000000dae00000, 0x00000000dc2c0000, 0x00000000e0000000)
  object space 21248K, 71% used [0x00000000dae00000,0x00000000dbce80e0,0x00000000dc2c0000)
Event: 64.630 GC heap after
Heap after GC invocations=11 (full 2):
 PSYoungGen      total 114432K, used 0K [0x00000000f5560000, 0x0000000100000000, 0x0000000100000000)
  eden space 91776K, 0% used [0x00000000f5560000,0x00000000f5560000,0x00000000faf00000)
  from space 22656K, 0% used [0x00000000faf00000,0x00000000faf00000,0x00000000fc520000)
  to   space 30784K, 0% used [0x00000000fe1f0000,0x00000000fe1f0000,0x0000000100000000)
 ParOldGen       total 63360K, used 48169K [0x00000000e0000000, 0x00000000e3de0000, 0x00000000f5560000)
  object space 63360K, 76% used [0x00000000e0000000,0x00000000e2f0a4e0,0x00000000e3de0000)
 PSPermGen       total 23488K, used 15245K [0x00000000dae00000, 0x00000000dc4f0000, 0x00000000e0000000)
  object space 23488K, 64% used [0x00000000dae00000,0x00000000dbce3400,0x00000000dc4f0000)
}
Event: 83.168 GC heap before
{Heap before GC invocations=12 (full 2):
 PSYoungGen      total 114432K, used 91776K [0x00000000f5560000, 0x0000000100000000, 0x0000000100000000)
  eden space 91776K, 100% used [0x00000000f5560000,0x00000000faf00000,0x00000000faf00000)
  from space 22656K, 0% used [0x00000000faf00000,0x00000000faf00000,0x00000000fc520000)
  to   space 30784K, 0% used [0x00000000fe1f0000,0x00000000fe1f0000,0x0000000100000000)
 ParOldGen       total 63360K, used 48169K [0x00000000e0000000, 0x00000000e3de0000, 0x00000000f5560000)
  object space 63360K, 76% used [0x00000000e0000000,0x00000000e2f0a4e0,0x00000000e3de0000)
 PSPermGen       total 23488K, used 17836K [0x00000000dae00000, 0x00000000dc4f0000, 0x00000000e0000000)
  object space 23488K, 75% used [0x00000000dae00000,0x00000000dbf6b198,0x00000000dc4f0000)
Event: 83.210 GC heap after
Heap after GC invocations=12 (full 2):
 PSYoungGen      total 139200K, used 25669K [0x00000000f5560000, 0x0000000100000000, 0x0000000100000000)
  eden space 108416K, 0% used [0x00000000f5560000,0x00000000f5560000,0x00000000fbf40000)
  from space 30784K, 83% used [0x00000000fe1f0000,0x00000000ffb01548,0x0000000100000000)
  to   space 33152K, 0% used [0x00000000fbf40000,0x00000000fbf40000,0x00000000fdfa0000)
 ParOldGen       total 63360K, used 48169K [0x00000000e0000000, 0x00000000e3de0000, 0x00000000f5560000)
  object space 63360K, 76% used [0x00000000e0000000,0x00000000e2f0a4e0,0x00000000e3de0000)
 PSPermGen       total 23488K, used 17836K [0x00000000dae00000, 0x00000000dc4f0000, 0x00000000e0000000)
  object space 23488K, 75% used [0x00000000dae00000,0x00000000dbf6b198,0x00000000dc4f0000)
}

Deoptimization events (10 events):
Event: 87.846 Thread 0x00000000004af000 Uncommon trap -58 fr.pc 0x0000000002940620
Event: 87.846 Thread 0x00000000004af000 Uncommon trap -34 fr.pc 0x0000000002945260
Event: 88.527 Thread 0x0000000009e65800 Uncommon trap -58 fr.pc 0x0000000002869a2c
Event: 88.528 Thread 0x0000000009e65800 Uncommon trap -58 fr.pc 0x0000000002869a2c
Event: 88.528 Thread 0x0000000009e65800 Uncommon trap -58 fr.pc 0x0000000002869a2c
Event: 88.528 Thread 0x0000000009e65800 Uncommon trap -58 fr.pc 0x0000000002869a2c
Event: 88.671 Thread 0x00000000004af000 Uncommon trap -34 fr.pc 0x00000000028b0a50
Event: 88.763 Thread 0x00000000004af000 Uncommon trap -34 fr.pc 0x00000000028b0a50
Event: 88.763 Thread 0x00000000004af000 Uncommon trap -34 fr.pc 0x00000000028b0a50
Event: 88.763 Thread 0x00000000004af000 Uncommon trap -34 fr.pc 0x00000000028b0a50

Internal exceptions (10 events):
Event: 88.527 Thread 0x00000000004af000 Threw 0x00000000f911d160 at C:\jdk7u2_64p\jdk7u17\hotspot\src\share\vm\prims\jvm.cpp:1166
Event: 88.530 Thread 0x00000000097ba000 Threw 0x00000000f91612d0 at C:\jdk7u2_64p\jdk7u17\hotspot\src\share\vm\prims\jvm.cpp:1166
Event: 88.641 Thread 0x00000000097ba000 Threw 0x00000000f9166000 at C:\jdk7u2_64p\jdk7u17\hotspot\src\share\vm\prims\jvm.cpp:1166
Event: 88.763 Thread 0x0000000009e65800 Threw 0x00000000faee9928 at C:\jdk7u2_64p\jdk7u17\hotspot\src\share\vm\prims\jvm.cpp:1166
Event: 88.765 Thread 0x0000000009e65800 Threw 0x00000000faef5758 at C:\jdk7u2_64p\jdk7u17\hotspot\src\share\vm\prims\jvm.cpp:1166
Event: 88.775 Thread 0x0000000009e65800 Threw 0x00000000faefbd30 at C:\jdk7u2_64p\jdk7u17\hotspot\src\share\vm\prims\jvm.cpp:1166
Event: 88.775 Thread 0x0000000009e65800 Threw 0x00000000faf039c8 at C:\jdk7u2_64p\jdk7u17\hotspot\src\share\vm\prims\jvm.cpp:1166
Event: 88.793 Thread 0x0000000009e65800 Threw 0x00000000faf29d58 at C:\jdk7u2_64p\jdk7u17\hotspot\src\share\vm\prims\jvm.cpp:1166
Event: 88.854 Thread 0x0000000009e65800 Threw 0x00000000faf352a8 at C:\jdk7u2_64p\jdk7u17\hotspot\src\share\vm\prims\jvm.cpp:1166
Event: 88.854 Thread 0x0000000009e65800 Threw 0x00000000faf3aa48 at C:\jdk7u2_64p\jdk7u17\hotspot\src\share\vm\prims\jvm.cpp:1166

Events (10 events):
Event: 88.775 loading class 0x00000000096162c0
Event: 88.775 loading class 0x00000000096162c0 done
Event: 88.775 loading class 0x0000000009c76840
Event: 88.775 loading class 0x0000000009c76840 done
Event: 88.793 loading class 0x000000000b092710
Event: 88.793 loading class 0x000000000b092710 done
Event: 88.854 loading class 0x000000000a168950
Event: 88.854 loading class 0x000000000a168950 done
Event: 88.854 loading class 0x0000000009715760
Event: 88.854 loading class 0x0000000009715760 done


Dynamic libraries:
0x000000013f140000 - 0x000000013f173000 	D:\Java\jre7\bin\javaw.exe
0x0000000076fb0000 - 0x0000000077159000 	C:\Windows\SYSTEM32\ntdll.dll
0x0000000076d90000 - 0x0000000076eb0000 	C:\Windows\system32\kernel32.dll
0x000007fefcca0000 - 0x000007fefcd0c000 	C:\Windows\system32\KERNELBASE.dll
0x000007fefe8e0000 - 0x000007fefe9bb000 	C:\Windows\system32\ADVAPI32.dll
0x000007fefe9c0000 - 0x000007fefea5f000 	C:\Windows\system32\msvcrt.dll
0x000007fefe8c0000 - 0x000007fefe8df000 	C:\Windows\SYSTEM32\sechost.dll
0x000007fefef40000 - 0x000007feff06d000 	C:\Windows\system32\RPCRT4.dll
0x0000000076eb0000 - 0x0000000076faa000 	C:\Windows\system32\USER32.dll
0x000007fefd190000 - 0x000007fefd1f7000 	C:\Windows\system32\GDI32.dll
0x000007fefe890000 - 0x000007fefe89e000 	C:\Windows\system32\LPK.dll
0x000007feff070000 - 0x000007feff139000 	C:\Windows\system32\USP10.dll
0x000007fefb3e0000 - 0x000007fefb5d4000 	C:\Windows\WinSxS\amd64_microsoft.windows.common-controls_6595b64144ccf1df_6.0.7601.18837_none_fa3b1e3d17594757\COMCTL32.dll
0x000007fefeba0000 - 0x000007fefec11000 	C:\Windows\system32\SHLWAPI.dll
0x000007fefef10000 - 0x000007fefef3e000 	C:\Windows\system32\IMM32.DLL
0x000007fefd080000 - 0x000007fefd189000 	C:\Windows\system32\MSCTF.dll
0x0000000070370000 - 0x0000000070441000 	D:\Java\jre7\bin\msvcr100.dll
0x000000006fc50000 - 0x000000007036f000 	D:\Java\jre7\bin\server\jvm.dll
0x000007fef85c0000 - 0x000007fef85c9000 	C:\Windows\system32\WSOCK32.dll
0x000007fefd8a0000 - 0x000007fefd8ed000 	C:\Windows\system32\WS2_32.dll
0x000007feff1d0000 - 0x000007feff1d8000 	C:\Windows\system32\NSI.dll
0x000007fefcc60000 - 0x000007fefcc9b000 	C:\Windows\system32\WINMM.dll
0x0000000077180000 - 0x0000000077187000 	C:\Windows\system32\PSAPI.DLL
0x0000000070de0000 - 0x0000000070def000 	D:\Java\jre7\bin\verify.dll
0x0000000070500000 - 0x0000000070528000 	D:\Java\jre7\bin\java.dll
0x00000000704e0000 - 0x00000000704f5000 	D:\Java\jre7\bin\zip.dll
0x00000000704c0000 - 0x00000000704d9000 	D:\Java\jre7\bin\net.dll
0x000007fefc2c0000 - 0x000007fefc315000 	C:\Windows\system32\mswsock.dll
0x000007fefc2b0000 - 0x000007fefc2b7000 	C:\Windows\System32\wship6.dll
0x000007fefbb50000 - 0x000007fefbcca000 	C:\Program Files (x86)\Sangfor\SSL\ClientComponent\SangforTcpX64.dll
0x000007fefe680000 - 0x000007fefe883000 	C:\Windows\system32\ole32.dll
0x000007feff1e0000 - 0x000007feff2b7000 	C:\Windows\system32\OLEAUT32.dll
0x000007fefbb40000 - 0x000007fefbb4c000 	C:\Windows\system32\VERSION.dll
0x000007fefcbd0000 - 0x000007fefcc0b000 	C:\Windows\system32\WINTRUST.dll
0x000007fefce10000 - 0x000007fefcf7d000 	C:\Windows\system32\CRYPT32.dll
0x000007fefcb30000 - 0x000007fefcb3f000 	C:\Windows\system32\MSASN1.dll
0x000007fefbb30000 - 0x000007fefbb37000 	C:\Windows\System32\wshtcpip.dll
0x000007fefc140000 - 0x000007fefc19b000 	C:\Windows\system32\DNSAPI.dll
0x000000006e310000 - 0x000000006e336000 	C:\Program Files\Bonjour\mdnsNSP.dll
0x000007fefa560000 - 0x000007fefa587000 	C:\Windows\system32\Iphlpapi.DLL
0x000007fefa550000 - 0x000007fefa55b000 	C:\Windows\system32\WINNSI.DLL
0x000007fef7d00000 - 0x000007fef7d08000 	C:\Windows\system32\rasadhlp.dll
0x000007fef9380000 - 0x000007fef93d3000 	C:\Windows\System32\fwpuclnt.dll
0x000007fefc320000 - 0x000007fefc338000 	C:\Windows\system32\CRYPTSP.dll
0x000007fefc020000 - 0x000007fefc067000 	C:\Windows\system32\rsaenh.dll
0x000007fefcc10000 - 0x000007fefcc2e000 	C:\Windows\system32\USERENV.dll
0x000007fefcb20000 - 0x000007fefcb2f000 	C:\Windows\system32\profapi.dll
0x000007fefc980000 - 0x000007fefc98f000 	C:\Windows\system32\CRYPTBASE.dll
0x000007fefa800000 - 0x000007fefa815000 	C:\Windows\system32\NLAapi.dll
0x000007fef7910000 - 0x000007fef7925000 	C:\Windows\system32\napinsp.dll
0x000007fef5f20000 - 0x000007fef5f39000 	C:\Windows\system32\pnrpnsp.dll
0x000007fef5f10000 - 0x000007fef5f1b000 	C:\Windows\System32\winrnr.dll
0x00000000704a0000 - 0x00000000704b1000 	D:\Java\jre7\bin\nio.dll
0x00000000735b0000 - 0x00000000735bb000 	D:\Java\jre7\bin\management.dll
0x0000000073680000 - 0x0000000073813000 	D:\Java\jre7\bin\awt.dll
0x000007fefcb70000 - 0x000007fefcb88000 	C:\Windows\system32\DWMAPI.DLL
0x0000000070470000 - 0x0000000070494000 	D:\Java\jre7\bin\sunec.dll
0x0000000072a80000 - 0x0000000072a8b000 	D:\Java\jre7\bin\sunmscapi.dll

VM Arguments:
jvm_args: -Xmx512m -Dfile.encoding=UTF-8 
java_command: com.google.gwt.dev.DevMode -superDevMode -startupUrl BDAStudioMonitor.html -war D:\BDA\dataflow-generator\war -remoteUI 49310:410743721129 -logLevel INFO -codeServerPort 9997 -port 8888 cn.ac.ict.bda.diagram.Diagram cn.ac.ict.bda.tool.dfgen.BDAStudioMonitor cn.ac.ict.bda.tool.dfgen.BDAStudioDesigner cn.ac.ict.bda.tool.dfgen.IndexPage
Launcher Type: SUN_STANDARD

Environment Variables:
CLASSPATH=D:\Java\jdk1.7.0_17\lib\dt.jar;D:\Java\jdk1.7.0_17\lib\tools.jar;
PATH=C:\Program Files (x86)\Common Files\NetSarang;D:\Java\jdk1.7.0_45\bin;D:\TortoiseSVN1.7\bin;C:\Windows\system32;C:\Windows;C:\Windows\system32\wbem;C:\AppServ\MySQL\bin;D:\SSH;D:\Java\jdk1.7.0_17\bin;D:\Java\jdk1.7.0_17\jre\bin;
USERNAME=tokyo
OS=Windows_NT
PROCESSOR_IDENTIFIER=AMD64 Family 16 Model 10 Stepping 0, AuthenticAMD



---------------  S Y S T E M  ---------------

OS: Windows 7 , 64 bit Build 7601 Service Pack 1

CPU:total 4 (4 cores per cpu, 1 threads per core) family 16 program 10 stepping 0, cmov, cx8, fxsr, mmx, sse, sse2, sse3, popcnt, mmxext, 3dnowpref, lzcnt, sse4a, tsc, tscinvbit, tscinv

Memory: 4k page, physical 4192424k(177212k free), swap 4190588k(5052k free)

vm_info: Java HotSpot(TM) 64-Bit Server VM (23.7-b01) for windows-amd64 JRE (1.7.0_17-b02), built on Mar  1 2013 03:38:30 by "java_re" with unknown MS VC++:1600

time: Mon Jan 04 11:14:14 2016
elapsed time: 89 seconds

